2026-04-13 19:11:34 | UPLOAD_START |  | ::1
2026-04-13 19:11:35 | LIST |  | ::1
2026-04-14 08:50:10 | LIST |  | ::1
2026-04-14 08:50:20 | LIST |  | ::1
2026-04-19 16:45:20 | LIST |  | ::1
2026-04-19 16:45:41 | LIST |  | ::1
2026-04-19 16:45:50 | UPLOAD_START |  | ::1
2026-04-19 16:45:51 | LIST |  | ::1
2026-04-19 16:51:46 | LIST |  | ::1
2026-04-19 16:52:09 | DELETE |  | ::1
2026-04-19 16:52:09 | LIST |  | ::1
2026-04-19 16:52:12 | DELETE |  | ::1
2026-04-19 16:52:12 | LIST |  | ::1
2026-04-19 16:52:15 | DELETE |  | ::1
2026-04-19 16:52:15 | LIST |  | ::1
2026-04-19 16:52:23 | UPLOAD_START |  | ::1
2026-04-19 16:52:24 | LIST |  | ::1
2026-04-19 17:08:08 | LIST |  | ::1
2026-04-19 17:08:13 | DELETE |  | ::1
2026-04-19 17:08:13 | LIST |  | ::1
2026-04-19 17:08:16 | LIST |  | ::1
2026-04-19 17:08:22 | LIST |  | ::1
2026-04-19 17:09:34 | LIST |  | ::1
2026-04-19 17:11:17 | LIST |  | ::1
2026-04-19 17:11:20 | LIST |  | ::1
2026-04-19 17:11:23 | LIST |  | ::1
2026-04-19 17:11:31 | LIST |  | ::1
2026-04-19 17:11:33 | LIST |  | ::1
2026-04-19 17:11:42 | UPLOAD_START |  | ::1
2026-04-19 17:11:43 | LIST |  | ::1
2026-04-19 17:11:56 | DOWNLOAD |  | ::1
2026-04-19 17:13:32 | LIST |  | ::1
2026-04-19 18:08:21 | LIST |  | ::1
2026-04-19 18:08:42 | DELETE |  | ::1
2026-04-19 18:08:42 | LIST |  | ::1
2026-04-19 18:08:45 | LIST |  | ::1
2026-04-19 18:08:50 | LIST |  | ::1
2026-04-19 18:08:57 | LIST |  | ::1
2026-04-19 18:09:34 | UPLOAD_START |  | ::1
2026-04-19 18:09:35 | LIST |  | ::1
2026-04-19 18:09:40 | DELETE |  | ::1
2026-04-19 18:09:40 | LIST |  | ::1
2026-04-19 18:09:49 | UPLOAD_START |  | ::1
2026-04-19 18:09:50 | LIST |  | ::1
2026-04-19 18:09:56 | DELETE |  | ::1
2026-04-19 18:09:56 | LIST |  | ::1
2026-04-19 18:10:47 | UPLOAD_START |  | ::1
2026-04-19 18:10:47 | UPLOAD_START |  | ::1
2026-04-19 18:10:48 | UPLOAD_START |  | ::1
2026-04-19 18:10:48 | UPLOAD_START |  | ::1
2026-04-19 18:10:48 | LIST |  | ::1
2026-04-19 18:11:52 | DELETE |  | ::1
2026-04-19 18:11:52 | LIST |  | ::1
2026-04-19 18:11:52 | LIST |  | ::1
2026-04-19 18:13:15 | DELETE |  | ::1
2026-04-19 18:13:15 | LIST |  | ::1
2026-04-19 18:13:15 | LIST |  | ::1
2026-04-19 18:13:20 | DELETE |  | ::1
2026-04-19 18:13:20 | LIST |  | ::1
2026-04-19 18:13:20 | LIST |  | ::1
2026-04-19 18:13:26 | DELETE |  | ::1
2026-04-19 18:13:26 | LIST |  | ::1
2026-04-19 18:13:26 | LIST |  | ::1
2026-04-19 18:33:49 | LIST |  | ::1
2026-04-19 18:33:57 | UPLOAD_START |  | ::1
2026-04-19 18:33:57 | UPLOAD_START |  | ::1
2026-04-19 18:33:57 | UPLOAD_START |  | ::1
2026-04-19 18:33:57 | UPLOAD_START |  | ::1
2026-04-19 18:33:57 | LIST |  | ::1
2026-04-19 18:34:19 | DELETE |  | ::1
2026-04-19 18:34:19 | LIST |  | ::1
2026-04-19 18:34:19 | LIST |  | ::1
2026-04-19 18:35:28 | LIST |  | ::1
2026-04-19 18:35:36 | DELETE |  | ::1
2026-04-19 18:35:36 | DELETE |  | ::1
2026-04-19 18:35:36 | DELETE |  | ::1
2026-04-19 18:35:36 | LIST |  | ::1
2026-04-19 18:35:46 | UPLOAD_START |  | ::1
2026-04-19 18:35:46 | UPLOAD_START |  | ::1
2026-04-19 18:35:46 | UPLOAD_START |  | ::1
2026-04-19 18:35:46 | UPLOAD_START |  | ::1
2026-04-19 18:35:46 | UPLOAD_START |  | ::1
2026-04-19 18:35:46 | UPLOAD_START |  | ::1
2026-04-19 18:35:46 | LIST |  | ::1
2026-04-19 18:35:58 | DELETE |  | ::1
2026-04-19 18:35:58 | DELETE |  | ::1
2026-04-19 18:35:58 | DELETE |  | ::1
2026-04-19 18:35:58 | DELETE |  | ::1
2026-04-19 18:35:58 | DELETE |  | ::1
2026-04-19 18:35:58 | DELETE |  | ::1
2026-04-19 18:35:58 | LIST |  | ::1
2026-04-19 18:40:42 | LIST |  | ::1
2026-04-19 18:40:52 | UPLOAD_START |  | ::1
2026-04-19 18:40:52 | UPLOAD_START |  | ::1
2026-04-19 18:40:52 | UPLOAD_START |  | ::1
2026-04-19 18:40:52 | LIST |  | ::1
2026-04-19 18:40:58 | DELETE |  | ::1
2026-04-19 18:41:20 | DELETE |  | ::1
2026-04-19 18:45:39 | DELETE |  | ::1
2026-04-19 18:45:39 | LIST |  | ::1
2026-04-19 18:46:37 | LIST |  | ::1
2026-04-19 18:46:45 | UPLOAD_START |  | ::1
2026-04-19 18:46:45 | UPLOAD_START |  | ::1
2026-04-19 18:46:45 | UPLOAD_START |  | ::1
2026-04-19 18:46:45 | UPLOAD_START |  | ::1
2026-04-19 18:46:45 | UPLOAD_START |  | ::1
2026-04-19 18:46:46 | LIST |  | ::1
2026-04-19 18:46:58 | DELETE |  | ::1
2026-04-19 18:46:58 | DELETE |  | ::1
2026-04-19 18:46:58 | DELETE |  | ::1
2026-04-19 18:46:58 | DELETE |  | ::1
2026-04-19 18:46:58 | DELETE |  | ::1
2026-04-19 18:46:58 | LIST |  | ::1
2026-04-19 18:47:18 | CREATE_FOLDER |  | ::1
2026-04-19 18:47:18 | LIST |  | ::1
2026-04-19 18:47:27 | DELETE |  | ::1
2026-04-19 18:47:27 | LIST |  | ::1
2026-04-19 18:47:34 | CREATE_FOLDER |  | ::1
2026-04-19 18:47:34 | LIST |  | ::1
2026-04-19 18:47:36 | LIST | test1 | ::1
2026-04-19 18:47:43 | UPLOAD_START | test1 | ::1
2026-04-19 18:47:43 | LIST | test1 | ::1
2026-04-19 18:47:50 | LIST |  | ::1
2026-04-19 18:48:22 | LIST |  | ::1
2026-04-19 18:48:34 | LIST | test1 | ::1
2026-04-19 18:48:41 | LIST |  | ::1
2026-04-19 18:48:45 | LIST | test1 | ::1
2026-04-19 18:50:22 | LIST |  | ::1
2026-04-19 18:50:25 | LIST | test1 | ::1
2026-04-19 18:50:27 | LIST | test1 | ::1
2026-04-19 18:50:28 | LIST | test1 | ::1
2026-04-19 18:50:35 | CREATE_FOLDER | test1 | ::1
2026-04-19 18:50:35 | LIST | test1 | ::1
2026-04-19 18:50:36 | LIST | test1/test2 | ::1
2026-04-19 18:50:38 | LIST | test1/test2 | ::1
2026-04-19 18:50:39 | LIST | test1 | ::1
2026-04-19 18:50:45 | LIST | test1 | ::1
2026-04-19 18:50:49 | DELETE |  | ::1
2026-04-19 18:50:57 | DELETE |  | ::1
2026-04-19 18:51:02 | LIST | test1/test2 | ::1
2026-04-19 18:51:04 | LIST | test1 | ::1
2026-04-19 18:51:08 | LIST | test1/test2 | ::1
2026-04-19 18:51:13 | LIST | test1 | ::1
2026-04-19 18:51:18 | LIST | test1/test2 | ::1
2026-04-19 18:51:23 | UPLOAD_START | test1/test2 | ::1
2026-04-19 18:51:23 | LIST | test1/test2 | ::1
2026-04-19 18:51:26 | LIST | test1/test2 | ::1
2026-04-19 18:51:27 | LIST | test1 | ::1
2026-04-19 18:51:36 | LIST |  | ::1
2026-04-19 18:51:45 | LIST | test1 | ::1
2026-04-19 18:51:45 | LIST | test1/test2 | ::1
2026-04-19 18:52:49 | LIST |  | ::1
2026-04-19 18:52:52 | LIST | test1 | ::1
2026-04-19 18:52:53 | LIST | test1/test2 | ::1
2026-04-19 18:52:56 | LIST |  | ::1
2026-04-19 18:53:02 | DELETE |  | ::1
2026-04-19 18:53:02 | LIST |  | ::1
2026-04-19 18:55:16 | LIST |  | ::1
2026-04-19 18:55:24 | CREATE_FOLDER |  | ::1
2026-04-19 18:55:24 | LIST |  | ::1
2026-04-19 18:55:38 | DELETE |  | ::1
2026-04-19 18:55:38 | LIST |  | ::1
2026-04-19 18:55:57 | LIST |  | ::1
2026-04-19 18:56:04 | CREATE_FOLDER |  | ::1
2026-04-19 18:56:04 | LIST |  | ::1
2026-04-19 18:56:06 | LIST | tst4 | ::1
2026-04-19 18:56:12 | CREATE_FOLDER | tst4 | ::1
2026-04-19 18:56:12 | LIST | tst4 | ::1
2026-04-19 18:56:13 | LIST | tst4/test5 | ::1
2026-04-19 18:56:18 | UPLOAD_START | tst4/test5 | ::1
2026-04-19 18:56:18 | LIST | tst4/test5 | ::1
2026-04-19 18:56:21 | LIST |  | ::1
2026-04-19 18:56:27 | DELETE |  | ::1
2026-04-19 18:56:27 | LIST |  | ::1
2026-04-19 18:56:56 | LIST |  | ::1
2026-04-19 18:57:02 | LIST |  | ::1
2026-04-19 18:57:08 | LIST |  | ::1
2026-04-19 19:12:29 | LIST |  | ::1
2026-04-19 19:12:34 | UPLOAD_START |  | ::1
2026-04-19 19:12:35 | LIST |  | ::1
2026-04-19 19:12:38 | DELETE |  | ::1
2026-04-19 19:12:38 | LIST |  | ::1
2026-04-19 19:16:26 | LIST |  | ::1
2026-04-19 19:22:16 | LIST |  | ::1
2026-04-19 19:22:21 | LIST |  | ::1
2026-04-19 19:22:25 | LIST |  | ::1
2026-04-19 19:22:32 | LIST |  | ::1
2026-04-19 19:22:44 | UPLOAD_START |  | ::1
2026-04-19 19:22:45 | LIST |  | ::1
2026-04-19 19:22:47 | DOWNLOAD |  | ::1
2026-04-19 19:22:57 | DELETE |  | ::1
2026-04-19 19:22:57 | LIST |  | ::1
2026-04-19 19:23:00 | LIST |  | ::1
2026-04-19 19:28:39 | UPLOAD_START |  | ::1
2026-04-19 19:28:39 | LIST |  | ::1
2026-04-20 11:20:28 | LIST |  | ::1
2026-04-20 11:21:05 | UPLOAD_START |  | ::1
2026-04-20 11:21:05 | UPLOAD_START |  | ::1
2026-04-20 11:21:05 | UPLOAD_START |  | ::1
2026-04-20 11:21:05 | LIST |  | ::1
2026-04-20 11:21:37 | UPLOAD_START |  | ::1
2026-04-20 11:21:37 | LIST |  | ::1
2026-04-20 11:22:49 | LIST |  | ::1
2026-04-20 11:22:54 | UPLOAD_START |  | ::1
2026-04-20 11:22:54 | UPLOAD_START |  | ::1
2026-04-20 11:22:54 | UPLOAD_START |  | ::1
2026-04-20 11:22:54 | LIST |  | ::1
2026-04-20 11:23:10 | EDIT | add_manage_users.php | ::1
2026-04-20 11:23:13 | LIST |  | ::1
2026-04-20 11:23:46 | EDIT | add_manage_users.php | ::1
2026-04-20 11:23:48 | LIST |  | ::1
2026-04-20 11:25:24 | LIST |  | ::1
2026-04-20 11:25:54 | EDIT | card_segnala.php | ::1
2026-04-20 11:25:54 | LIST |  | ::1
2026-04-20 11:26:06 | EDIT | add_manage_users.php | ::1
2026-04-20 11:26:06 | LIST |  | ::1
2026-04-20 11:26:19 | EDIT | add_manage_users.php | ::1
2026-04-20 11:26:19 | LIST |  | ::1
2026-04-20 11:27:23 | LIST |  | ::1
2026-04-20 11:27:33 | EDIT | add_manage_users.php | ::1
2026-04-20 11:27:33 | LIST |  | ::1
2026-04-20 11:28:14 | EDIT | card_segnala.php | ::1
2026-04-20 11:28:14 | LIST |  | ::1
2026-04-20 11:28:24 | EDIT | card_segnala.php | ::1
2026-04-20 11:28:24 | LIST |  | ::1
2026-04-20 11:32:56 | LIST |  | ::1
2026-04-20 11:33:03 | EDIT | add_manage_users.php | ::1
2026-04-20 11:33:03 | LIST |  | ::1
2026-04-20 11:33:20 | LIST |  | ::1
2026-04-20 11:35:22 | LIST |  | ::1
2026-04-20 11:37:40 | LIST |  | ::1
2026-04-20 12:38:04 | LIST |  | ::1
2026-04-20 12:38:11 | EDIT | add_manage_users.php | ::1
2026-04-20 12:38:11 | LIST |  | ::1
2026-04-20 12:41:12 | LIST |  | ::1
2026-04-20 12:41:19 | EDIT | add_manage_users.php | ::1
2026-04-20 12:41:19 | LIST |  | ::1
2026-04-20 12:48:47 | LIST |  | ::1
2026-04-20 12:50:17 | LIST |  | ::1
2026-04-20 12:50:41 | LIST |  | ::1
2026-04-20 12:52:43 | LIST |  | ::1
2026-04-20 12:53:45 | LIST |  | ::1
2026-04-20 12:53:47 | LIST |  | ::1
2026-04-20 12:54:03 | LIST |  | ::1
2026-04-20 12:55:49 | LIST |  | ::1
2026-04-20 12:55:58 | LIST |  | ::1
2026-04-20 12:58:01 | LIST |  | ::1
2026-04-20 12:58:03 | LIST |  | ::1
2026-04-20 12:58:09 | LIST |  | ::1
2026-04-20 12:58:12 | LIST |  | ::1
2026-04-20 12:58:16 | LIST |  | ::1
2026-04-20 12:58:24 | EDIT | add_manage_users.php | ::1
2026-04-20 12:58:24 | LIST |  | ::1
2026-04-20 12:59:27 | LIST |  | ::1
2026-04-20 12:59:51 | EDIT | add_manage_users.php | ::1
2026-04-20 12:59:51 | LIST |  | ::1
2026-04-20 13:01:42 | LIST |  | ::1
2026-04-20 13:02:10 | DELETE | 2025-06-11_23-352025-06-11.jpeg | ::1
2026-04-20 13:02:10 | DELETE | add_manage_users.php | ::1
2026-04-20 13:02:10 | DELETE | card_segnala.php | ::1
2026-04-20 13:02:10 | DELETE | check_acp_modules.php | ::1
2026-04-20 13:02:10 | LIST |  | ::1
2026-04-20 13:18:48 | LIST |  | ::1
2026-04-20 13:19:11 | UPLOAD_START |  | ::1
2026-04-20 13:19:11 | LIST |  | ::1
2026-04-20 13:19:30 | DELETE | 2024-08-08_19-29.png | ::1
2026-04-20 13:19:30 | LIST |  | ::1
2026-04-20 13:20:45 | LIST |  | ::1
2026-04-20 13:20:56 | UPLOAD_START |  | ::1
2026-04-20 13:20:57 | LIST |  | ::1
2026-04-20 13:21:11 | LIST |  | ::1
2026-04-20 13:21:15 | LIST |  | ::1
2026-04-20 13:21:22 | LIST |  | ::1
